<?xml version="1.0" encoding="UTF-8"?>
<testsuite name="CalculatorTest" tests="2" skipped="0" failures="0" errors="0" timestamp="2022-01-30T22:29:20" hostname="LAPTOP-36CI8CE3" time="0.03">
  <properties/>
  <testcase name="add()" classname="CalculatorTest" time="0.024"/>
  <testcase name="multiply()" classname="CalculatorTest" time="0.005"/>
  <system-out><![CDATA[]]></system-out>
  <system-err><![CDATA[]]></system-err>
</testsuite>
